<?xml version="1.0" encoding="UTF-8"?>
<!-- Generated by org.testng.reporters.JUnitReportReporter -->
<testsuite hostname="Dadslove" failures="0" tests="1" name="p.NewTest" time="39.362" errors="0" timestamp="2023-04-19T12:42:26 IST" skipped="0">
  <testcase classname="p.NewTest" name="f" time="39.362"/>
  <system-out/>
</testsuite> <!-- p.NewTest -->
